20231228	18:12:57	668ef6ee-c382-4fb3-b74f-163c61c1bf5b	GET	/auth	undefined
20231228	18:13:21	9b8d9818-dd69-4556-806e-27ae82e95b21	GET	/auth	undefined
20231228	18:14:32	37fe04fe-5639-435d-a731-13a961d72132	GET	/auth	undefined
20231228	18:15:17	e6eb1754-1527-44e5-82de-f762b8187cf3	GET	/auth	undefined
20231228	18:18:56	10da64ca-1974-4dcb-b920-c82c0a359d25	GET	/auth	undefined
20231228	18:19:04	75313d6a-35e6-4caf-abbe-4499514faf65	GET	/auth	undefined
20231228	18:19:38	6de97952-af98-4289-aba1-45c80be16143	GET	/auth	undefined
20231228	18:20:19	702df805-8e89-45fd-9f2a-53fcf93c009f	POST	/auth	undefined
20231228	18:20:40	48df300f-79a6-41e5-9d82-12cc328810f5	POST	/auth	undefined
20231228	18:21:58	cd8d3c4e-e5db-44df-9b87-b40d5d793629	POST	/auth	undefined
20231228	18:24:07	8e2942a4-3c76-4f9c-9217-9a3265c9c7e5	POST	/auth	undefined
20231228	18:25:29	e6c5775c-13d5-451e-8e74-02124fb26fb4	POST	/auth	undefined
20231228	18:26:32	ab0c9a25-85e5-4b6e-82f2-db944911fa9a	POST	/auth	undefined
20231228	18:27:25	0c5cab5b-81ed-40ac-bebb-24efd641ab3a	POST	/auth	undefined
20231228	18:27:41	2c7f5bfc-005c-423c-94c3-ca0ec4986854	POST	/auth	undefined
20231228	20:08:50	1d3d4f99-0222-4d22-adb9-0b6815575fc2	POST	/users	undefined
20231228	20:23:57	6427c68f-f6b3-4772-aacd-999c272b2563	POST	/users	undefined
20231228	20:24:20	da31b99a-3830-4c4d-b6ee-cebd43d91b4e	POST	/users	undefined
20231228	20:24:33	da0d76b3-a6f5-43b2-b90c-553b04fa92f0	POST	/users	undefined
20231228	20:25:26	835396cc-d3d7-486f-b369-563f9aaf5564	POST	/users	undefined
20231228	20:44:32	dd50f5da-edb1-4d4a-be2c-dd34198477b3	POST	/users	undefined
20231228	20:44:45	197d1cc8-2e2d-4da3-8aa1-78825a6e172f	POST	/users	undefined
20231228	20:45:53	186df2e2-80d7-4f63-8bc7-46ce1f5a432b	POST	/users	undefined
20231228	20:46:11	3f477df0-540c-4845-9f37-782b2468f02c	POST	/users	undefined
20231228	20:46:30	7277a697-3d19-4e4b-9f64-bf013475e009	POST	/users	undefined
20231228	20:46:54	e256b82b-203e-4ab3-a5c5-1ba999fe432d	POST	/users	undefined
20231228	20:47:00	ce41d59e-67f0-496c-a4aa-24d8f5b39c19	POST	/users	undefined
20231228	20:47:09	fb4f9a59-e0ef-49cb-b164-ec742b6ec38b	POST	/users	undefined
20231228	20:47:27	071caeed-a36c-4b69-af12-6a19c2540ffa	GET	/users	undefined
20231229	10:23:31	0da9f7f3-d80d-4cf2-af8a-751a2a5a4703	POST	/auth	undefined
20231229	10:25:28	1b302482-2803-4136-b432-60fff55bddda	POST	/auth	undefined
20231229	10:27:08	511d5153-a23e-4803-b2be-6e64ea33341d	POST	/auth	undefined
20231229	10:30:30	6500d240-7209-44c4-871c-79e4cbe040de	POST	/auth	undefined
20231229	10:30:51	64585246-070c-445a-a39c-2eb2dc1853fc	POST	/auth	undefined
20231229	10:31:06	d4e7a198-09cf-46d1-9bb5-bdbd704ae7a6	POST	/auth	undefined
20231229	10:31:36	633fa4c7-7ae4-4961-b096-cb6eafc6387c	POST	/auth	undefined
20231229	10:35:16	bbb6eee8-474e-4a11-927d-160b2b0a1666	POST	/auth/refresh	undefined
20231229	10:35:37	99223cd3-3128-49fd-84e5-55fae9935fa7	GET	/auth/refresh	undefined
20231229	10:35:44	8f400235-dca5-409d-bc6b-b37de6887551	GET	/auth/refresh	undefined
20231229	10:36:40	1afe9f5b-c0aa-4df4-85fc-01d62e1880c5	GET	/auth/logout	undefined
20231229	10:38:19	b13db4f2-6758-4d7b-aec4-7e2914be786e	GET	/auth/logout	undefined
20231229	10:40:07	85072f48-51a8-4a94-b418-80efac59a869	GET	/auth/logout	undefined
20231229	10:40:16	d07209b7-78fc-4753-ada3-421538eed18d	GET	/auth/refresh	undefined
20231229	10:40:26	5c51c8e1-61c1-4a67-a95b-dbfecba74534	GET	/auth/logout	undefined
20231229	10:40:40	c2b6a749-e24e-41fa-bdfb-89a3159c699b	GET	/auth/refresh	undefined
20231229	10:41:01	a295aa2e-83ed-400f-ac63-ccd6edde8641	GET	/auth/logout	undefined
20231229	10:41:32	a0bb0739-5d8a-4925-b295-8fc5a4ff924a	GET	/auth/logout	undefined
20231229	10:45:00	60b0c152-291c-4613-8979-f8b1792874e3	GET	/auth/logout	undefined
20231229	10:45:30	20ba238a-4973-486e-9fe2-da513e895cca	GET	/auth/logout	undefined
20231229	10:45:52	2169c18e-e9e9-4cc4-9497-868ef1b9a30c	GET	/auth/logout	undefined
20231229	10:47:06	468059c2-e7a2-402a-bcc0-97c1229c8eae	GET	/auth/logout	undefined
20231229	10:50:40	86833165-863b-4142-9aeb-ec643268f957	GET	/auth/logout	undefined
20231229	10:51:20	27d17baf-0972-40f4-bab4-642a2eb09cdf	POST	/auth/login	undefined
20231229	10:52:10	ca92bce5-0da6-470d-978b-a825d352dcc7	POST	/auth	undefined
20231229	10:52:44	25eec812-0385-45b5-9fb5-6df083b2258a	GET	/auth/refresh	undefined
20231229	10:54:19	375414e4-3a41-43d8-85f0-942ed0bb7021	GET	/auth/notes	undefined
20231229	10:56:14	846abf34-3bc3-4d24-9ff1-11bdbb60e298	GET	/auth/refresh	undefined
20231229	10:56:51	984c2b45-e6bc-4459-a320-97cfdf322251	GET	/auth/notes	undefined
20231229	10:57:08	63c5227a-e78e-44ca-84b1-09ef337836c5	GET	/notes	undefined
20231229	11:00:50	09e39d63-3383-40c7-b316-de385df5bde2	GET	/notes	undefined
20231229	11:00:57	5b2081ca-9ad0-49b5-9342-a23068dc897a	GET	/notes	undefined
20231229	11:07:42	942edcf5-700d-49dc-8a91-7001a79fa58a	GET	/notes	undefined
20231229	11:10:00	695cc1a8-5c34-4c9b-9bfb-739b1daa78bd	GET	/users	undefined
20231229	11:10:10	f31d34a7-90b6-4ed5-bab3-1a1181e847c5	POST	/auth	undefined
20231229	11:10:20	b74c6b19-694c-4ce4-a081-0ef6ccb422ed	GET	/auth/refresh	undefined
20231229	11:11:06	50e91b38-e716-4028-b978-a3bc691859dc	GET	/users?Authorization=bearer%20eyJhbGciOiJIUzI1NiIsInR5cCI6IkpXVCJ9.eyJVc2VySW5mbyI6eyJ1c2VybmFtZSI6IlJoeXMiLCJyb2xlcyI6WyIiXX0sImlhdCI6MTcwMzg0MTAyMCwiZXhwIjoxNzAzODQxOTIwfQ.4zY-VO0cukvZmG37oD7pa0Lir5O7enNdmFkoz_aBfC0	undefined
20231229	11:14:04	219ea263-aee9-476e-a7ed-e26b1eee6383	GET	/users	undefined
20231229	11:14:16	aad15935-6ad3-4c12-8ea2-08a337c76ef1	GET	/auth/refresh	undefined
20231229	11:14:30	71768679-8b85-4a97-ba9a-539d5f336352	GET	/users	undefined
20231229	11:14:38	f80a43fb-6eb5-4425-aa91-8ae9667d2824	GET	/auth/refresh	undefined
20231229	11:14:42	5d7ced82-e445-4719-9aa8-b8f13cd528e1	GET	/auth/refresh	undefined
20231229	11:17:00	69001c7c-1fc7-4166-872c-445a49b78da9	POST	/auth	undefined
20231229	11:17:03	78694ce8-283e-4c82-9fc0-c8fcbb218a52	GET	/auth/logout	undefined
20231229	11:17:07	fc2840b3-2556-4663-9c78-96fab54b972b	POST	/auth	undefined
20231229	11:17:19	1b31ebfa-bd27-4e12-941e-3882097041ad	GET	/users	undefined
20231229	11:17:46	b0c31dc7-da11-42db-a33a-17ec45916ebf	GET	/users	undefined
20231229	11:18:29	8872ded9-da98-4d5b-8a24-6fd67702cec7	GET	/users/658dbd978ff45bc20e0c8244	undefined
20231229	11:19:30	0f2aa8fa-2555-461c-baa5-569de29a4067	GET	/users	undefined
20231229	11:20:00	42bbef99-ef79-4a52-a82a-45470039dcd1	GET	/users/658dc2ad8ff45bc20e0c824e	undefined
20231229	11:21:18	bdf941c0-8201-4bb6-b6ff-2e7051610555	DELETE	/users	undefined
20231229	11:21:27	5a04ca3d-649c-4aa4-aafc-c0cbc0368109	DELETE	/users/658dbd978ff45bc20e0c8244	undefined
20231229	11:22:09	52dded3c-280b-404d-9e38-58657ef28811	DELETE	/users/98	undefined
20231229	11:25:00	72cd6ace-8207-403d-9580-b9a37547c930	DELETE	/users/98	undefined
20231229	11:25:26	2979d74e-01b6-4112-a8d4-6eac60ed178c	DELETE	/users	undefined
20231229	11:26:29	9268c026-56ca-4e07-b738-f635dc78c0bc	DELETE	/users/658dc2ad8ff45bc20e0c824e	undefined
20231229	11:27:18	2fe11cd2-cc57-4953-8a86-d5d99bf3b3ea	DELETE	/users/658dc2ad8ff45bc20e0c824e	undefined
20231229	11:27:41	dd870779-034c-41dc-86ff-c9280ae93f00	DELETE	/users/658dc2ad8ff45bc20e0c824e	undefined
20231229	11:27:55	406a4625-c0f2-401b-ac38-94493716968e	DELETE	/users/658dc2ad8ff45bc20e0c824e	undefined
20231229	11:27:57	570ba12b-5873-44fb-b8a2-62ec24219b7d	DELETE	/users/658dc2ad8ff45bc20e0c824e	undefined
20231229	11:28:10	d43a55b0-2f1a-4b87-a5c9-a4eced5fa44a	DELETE	/users/658dc2ad8ff45bc20e0c824e	undefined
20231229	11:28:32	08239fca-596a-4a51-90e3-60e08593e4c7	DELETE	/users/658dc2ad8ff45bc20e0c824e	undefined
20231229	11:28:57	eabaeb28-0e85-4fd2-888c-a73adcccd843	DELETE	/users/658dc2ad8ff45bc20e0c824e	undefined
20231229	11:29:18	be69a2df-04b9-4983-a115-16c5b0bc55aa	DELETE	/users/658dc2ad8ff45bc20e0c824e	undefined
